# JRE version: Java(TM) SE Runtime Environment (12.0.1+12) (build 12.0.1+12)
# Java VM: Java HotSpot(TM) 64-Bit Server VM (12.0.1+12, mixed mode, sharing, tiered, compressed oops, g1 gc, windows-amd64)
Heap:
 garbage-first heap   total 122880K, used 43111K [0x0000000081e00000, 0x0000000100000000)
  region size 1024K, 9 young (9216K), 4 survivors (4096K)
 Metaspace       used 62844K, capacity 65144K, committed 65328K, reserved 1105920K
  class space    used 8672K, capacity 9595K, committed 9600K, reserved 1048576K
GC Heap History (10 events):
Event: 20.870 GC heap before
{Heap before GC invocations=19 (full 0):
 garbage-first heap   total 84992K, used 66451K [0x0000000081e00000, 0x0000000100000000)
  region size 1024K, 39 young (39936K), 3 survivors (3072K)
 Metaspace       used 56361K, capacity 58317K, committed 58416K, reserved 1099776K
  class space    used 7780K, capacity 8576K, committed 8576K, reserved 1048576K
}
Event: 20.890 GC heap after
{Heap after GC invocations=20 (full 0):
 garbage-first heap   total 102400K, used 31989K [0x0000000081e00000, 0x0000000100000000)
  region size 1024K, 4 young (4096K), 4 survivors (4096K)
 Metaspace       used 56361K, capacity 58317K, committed 58416K, reserved 1099776K
  class space    used 7780K, capacity 8576K, committed 8576K, reserved 1048576K
}
Event: 21.610 GC heap before
{Heap before GC invocations=20 (full 0):
 garbage-first heap   total 102400K, used 66805K [0x0000000081e00000, 0x0000000100000000)
  region size 1024K, 39 young (39936K), 4 survivors (4096K)
 Metaspace       used 57576K, capacity 59631K, committed 59696K, reserved 1099776K
  class space    used 7970K, capacity 8803K, committed 8832K, reserved 1048576K
}
Event: 21.635 GC heap after
{Heap after GC invocations=21 (full 0):
 garbage-first heap   total 102400K, used 34012K [0x0000000081e00000, 0x0000000100000000)
  region size 1024K, 5 young (5120K), 5 survivors (5120K)
 Metaspace       used 57576K, capacity 59631K, committed 59696K, reserved 1099776K
  class space    used 7970K, capacity 8803K, committed 8832K, reserved 1048576K
}
Event: 22.522 GC heap before
{Heap before GC invocations=22 (full 0):
 garbage-first heap   total 102400K, used 74972K [0x0000000081e00000, 0x0000000100000000)
  region size 1024K, 45 young (46080K), 5 survivors (5120K)
 Metaspace       used 59038K, capacity 61152K, committed 61232K, reserved 1101824K
  class space    used 8204K, capacity 9072K, committed 9088K, reserved 1048576K
}
Event: 22.551 GC heap after
{Heap after GC invocations=23 (full 0):
 garbage-first heap   total 102400K, used 35765K [0x0000000081e00000, 0x0000000100000000)
  region size 1024K, 4 young (4096K), 4 survivors (4096K)
 Metaspace       used 59038K, capacity 61152K, committed 61232K, reserved 1101824K
  class space    used 8204K, capacity 9072K, committed 9088K, reserved 1048576K
}
Event: 23.277 GC heap before
{Heap before GC invocations=23 (full 0):
 garbage-first heap   total 102400K, used 76725K [0x0000000081e00000, 0x0000000100000000)
  region size 1024K, 44 young (45056K), 4 survivors (4096K)
 Metaspace       used 59702K, capacity 61936K, committed 62128K, reserved 1101824K
  class space    used 8281K, capacity 9156K, committed 9216K, reserved 1048576K
}
Event: 23.297 GC heap after
{Heap after GC invocations=24 (full 0):
 garbage-first heap   total 102400K, used 37985K [0x0000000081e00000, 0x0000000100000000)
  region size 1024K, 4 young (4096K), 4 survivors (4096K)
 Metaspace       used 59702K, capacity 61936K, committed 62128K, reserved 1101824K
  class space    used 8281K, capacity 9156K, committed 9216K, reserved 1048576K
}
Event: 24.262 GC heap before
{Heap before GC invocations=24 (full 0):
 garbage-first heap   total 102400K, used 78945K [0x0000000081e00000, 0x0000000100000000)
  region size 1024K, 44 young (45056K), 4 survivors (4096K)
 Metaspace       used 61925K, capacity 64202K, committed 64560K, reserved 1103872K
  class space    used 8581K, capacity 9497K, committed 9600K, reserved 1048576K
}
Event: 24.284 GC heap after
{Heap after GC invocations=25 (full 0):
 garbage-first heap   total 122880K, used 39015K [0x0000000081e00000, 0x0000000100000000)
  region size 1024K, 4 young (4096K), 4 survivors (4096K)
 Metaspace       used 61925K, capacity 64202K, committed 64560K, reserved 1103872K
  class space    used 8581K, capacity 9497K, committed 9600K, reserved 1048576K
}

