# JRE version: Java(TM) SE Runtime Environment (12.0.1+12) (build 12.0.1+12)
# Java VM: Java HotSpot(TM) 64-Bit Server VM (12.0.1+12, mixed mode, sharing, tiered, compressed oops, g1 gc, windows-amd64)
Heap:
 garbage-first heap   total 70656K, used 44260K [0x0000000081e00000, 0x0000000100000000)
  region size 1024K, 25 young (25600K), 3 survivors (3072K)
 Metaspace       used 38276K, capacity 39622K, committed 39808K, reserved 1083392K
  class space    used 5094K, capacity 5650K, committed 5760K, reserved 1048576K
GC Heap History (10 events):
Event: 7.700 GC heap before
{Heap before GC invocations=7 (full 0):
 garbage-first heap   total 58368K, used 42423K [0x0000000081e00000, 0x0000000100000000)
  region size 1024K, 28 young (28672K), 2 survivors (2048K)
 Metaspace       used 23919K, capacity 24882K, committed 24960K, reserved 1071104K
  class space    used 3047K, capacity 3434K, committed 3456K, reserved 1048576K
}
Event: 7.710 GC heap after
{Heap after GC invocations=8 (full 0):
 garbage-first heap   total 58368K, used 17600K [0x0000000081e00000, 0x0000000100000000)
  region size 1024K, 3 young (3072K), 3 survivors (3072K)
 Metaspace       used 23919K, capacity 24882K, committed 24960K, reserved 1071104K
  class space    used 3047K, capacity 3434K, committed 3456K, reserved 1048576K
}
Event: 8.550 GC heap before
{Heap before GC invocations=8 (full 0):
 garbage-first heap   total 58368K, used 44224K [0x0000000081e00000, 0x0000000100000000)
  region size 1024K, 29 young (29696K), 3 survivors (3072K)
 Metaspace       used 26455K, capacity 27569K, committed 27648K, reserved 1073152K
  class space    used 3382K, capacity 3817K, committed 3840K, reserved 1048576K
}
Event: 8.561 GC heap after
{Heap after GC invocations=9 (full 0):
 garbage-first heap   total 58368K, used 18733K [0x0000000081e00000, 0x0000000100000000)
  region size 1024K, 3 young (3072K), 3 survivors (3072K)
 Metaspace       used 26455K, capacity 27569K, committed 27648K, reserved 1073152K
  class space    used 3382K, capacity 3817K, committed 3840K, reserved 1048576K
}
Event: 9.165 GC heap before
{Heap before GC invocations=9 (full 0):
 garbage-first heap   total 58368K, used 44333K [0x0000000081e00000, 0x0000000100000000)
  region size 1024K, 28 young (28672K), 3 survivors (3072K)
 Metaspace       used 27941K, capacity 29082K, committed 29184K, reserved 1075200K
  class space    used 3595K, capacity 4032K, committed 4096K, reserved 1048576K
}
Event: 9.183 GC heap after
{Heap after GC invocations=10 (full 0):
 garbage-first heap   total 70656K, used 20181K [0x0000000081e00000, 0x0000000100000000)
  region size 1024K, 3 young (3072K), 3 survivors (3072K)
 Metaspace       used 27941K, capacity 29082K, committed 29184K, reserved 1075200K
  class space    used 3595K, capacity 4032K, committed 4096K, reserved 1048576K
}
Event: 10.348 GC heap before
{Heap before GC invocations=10 (full 0):
 garbage-first heap   total 70656K, used 49877K [0x0000000081e00000, 0x0000000100000000)
  region size 1024K, 32 young (32768K), 3 survivors (3072K)
 Metaspace       used 31285K, capacity 32638K, committed 32768K, reserved 1077248K
  class space    used 4019K, capacity 4561K, committed 4608K, reserved 1048576K
}
Event: 10.369 GC heap after
{Heap after GC invocations=11 (full 0):
 garbage-first heap   total 70656K, used 21628K [0x0000000081e00000, 0x0000000100000000)
  region size 1024K, 3 young (3072K), 3 survivors (3072K)
 Metaspace       used 31285K, capacity 32638K, committed 32768K, reserved 1077248K
  class space    used 4019K, capacity 4561K, committed 4608K, reserved 1048576K
}
Event: 11.478 GC heap before
{Heap before GC invocations=11 (full 0):
 garbage-first heap   total 70656K, used 49276K [0x0000000081e00000, 0x0000000100000000)
  region size 1024K, 31 young (31744K), 3 survivors (3072K)
 Metaspace       used 34486K, capacity 35762K, committed 35840K, reserved 1081344K
  class space    used 4410K, capacity 4940K, committed 4992K, reserved 1048576K
}
Event: 11.496 GC heap after
{Heap after GC invocations=12 (full 0):
 garbage-first heap   total 70656K, used 22756K [0x0000000081e00000, 0x0000000100000000)
  region size 1024K, 3 young (3072K), 3 survivors (3072K)
 Metaspace       used 34486K, capacity 35762K, committed 35840K, reserved 1081344K
  class space    used 4410K, capacity 4940K, committed 4992K, reserved 1048576K
}

